<?xml version="1.0" encoding="UTF-8"?>
<!-- Generated by org.testng.reporters.JUnitReportReporter -->
<testsuite hostname="LENOVO_IP3_JYIN" failures="0" tests="2" name="screenShotTest.ScreenShotTest" time="24.526" errors="0" timestamp="2023-06-19T10:23:45 IST" skipped="0">
  <testcase classname="screenShotTest.ScreenShotTest" name="textCase1" time="12.134"/>
  <testcase classname="screenShotTest.ScreenShotTest" name="textCase2" time="12.392"/>
</testsuite> <!-- screenShotTest.ScreenShotTest -->
